07/14/2022 11:36:09 [14] set the loglevel to 1
07/14/2022 11:36:09 [19] set the loglevel to 1
07/14/2022 11:36:09 [19] sslvpn connection version:4.0.2329
07/14/2022 11:36:09 [19] rcv cmd:0 at state[0]
07/14/2022 11:36:09 [19] starting ssl vpn tunnel[4.0.2329]
07/14/2022 11:36:09 [21] route backup START
07/14/2022 11:36:09 [21] route backup DONE
07/14/2022 11:36:09 [22] execl /proxy/forticlientsslvpn/64bit/helper/get_fortisslvpn_info /proxy/forticlientsslvpn/64bit/helper vpn-dc.mos.ru 10443   ...
07/14/2022 11:36:09 [22] trusted CA dir: /root/.fctsslvpn_trustca
07/14/2022 11:36:09 [22] set loglevel to 1
07/14/2022 11:36:09 [22] Peer's certificate is not valid. action is 1
07/14/2022 11:36:09 [22] peer's certificate: 
Certificate:$    Data:$        Version: 3 (0x2)$        Serial Number:$            74:00:00:27:2b:41:81:c4:d7:b3:1b:f0:f4:00:00:00:00:27:2b$    Signature Algorithm: sha512WithRSAEncryption$        Issuer: DC=local, DC=passport, CN=sec-ca02$        Validity$            Not Before: Jun 12 07:37:46 2021 GMT$            Not After : Jun 12 07:37:46 2023 GMT$        Subject: C=RU, ST=Moscow, L=Moscow, OU=DIT, CN=gate-k.mos.ru$        Subject Public Key Info:$            Public Key Algorithm: rsaEncryption$                Public-Key: (1024 bit)$                Modulus:$                    00:a4:c4:95:41:a9:94:de:39:c6:5c:74:0c:a7:6a:$                    b9:9c:3a:07:62:b7:87:d4:55:06:ea:2a:f0:57:9d:$                    8e:7b:db:c4:c2:27:c9:0e:05:92:51:49:db:af:e6:$                    a3:b0:89:77:bc:c1:61:27:b2:f4:f3:4c:1e:ba:cd:$                    d2:5e:01:85:1d:9c:3b:61:90:3c:f2:46:50:23:b3:$                    a3:d0:e3:49:c6:af:5e:36:b1:ee:d8:e3:15:43:04:$                    99:8e:11:56:6f:9b:25:ca:a4:b6:df:27:43:e3:d1:$                    25:ab:53:a8:df:88:21:b7:39:15:aa:a2:8b:d7:e5:$                    fe:47:c9:d6:7d:5e:6f:e4:87$                Exponent: 65537 (0x10001)$        X509v3 extensions:$            1.3.6.1.4.1.311.21.7: $                0/.'+.....7.....X...~...5...^...$.e...J...,..d...$            X509v3 Extended Key Usage: $                TLS Web Server Authentication$            X509v3 Key Usage: critical$                Digital Signature, Key Encipherment$            1.3.6.1.4.1.311.21.10: $                0.0$..+.......$            X509v3 Subject Key Identifier: $                AB:79:42:A0:83:08:A0:0A:19:7C:26:25:DA:CC:81:B0:2E:29:D1:45$            X509v3 Authority Key Identifier: $                keyid:5F:BF:CF:4B:CB:EF:E8:49:C0:58:FD:E5:F6:E3:41:48:73:80:5D:63$$            X509v3 CRL Distribution Points: $$                Full Name:$                  URI:http://sec-ca02.passport.local/CertEnroll/sec-ca02.crl$$            Authority Information Access: $                CA Issuers - URI:http://sec-ca02.passport.local/CertEnroll/sec-ca02.passport.local_sec-ca02.crt$$    Signature Algorithm: sha512WithRSAEncryption$         37:36:19:1e:75:44:e0:89:14:49:d9:e3:6d:50:8a:65:e3:a8:$         10:b9:e8:fb:37:73:74:a9:85:f8:4c:69:3d:e5:ed:9b:d5:ea:$         73:c5:f3:2b:83:2e:91:69:36:81:ad:7f:9d:86:6b:56:1d:d7:$         51:ed:81:93:62:da:28:bb:2e:04:8a:7d:f7:f1:82:4c:3d:e7:$         e7:16:e1:a2:eb:e4:ed:49:0f:a4:d5:fa:9b:29:1a:c1:64:44:$         9f:76:47:45:8d:81:0d:ae:08:37:5a:ea:52:5f:86:35:e0:e1:$         71:e9:29:fc:ff:dc:1e:25:40:b3:a4:12:f7:a4:57:dd:eb:44:$         03:79:5b:31:0a:bf:20:0c:f6:60:0f:10:e8:c5:fb:35:f1:a7:$         4b:41:fb:a2:0a:a1:21:8f:f5:26:d6:1b:94:bc:9c:5e:f8:04:$         d0:d8:75:0d:25:71:81:94:34:64:2c:20:c3:6b:f6:1f:80:02:$         eb:3c:65:0f:1a:0f:27:64:cc:28:ad:b1:65:4b:06:96:21:1c:$         da:34:5e:22:ba:9e:ef:8b:a6:95:51:66:48:af:a7:30:cb:cd:$         b3:85:d4:4b:f6:d1:fa:3e:ee:82:d8:a6:39:0f:d2:45:32:2c:$         7d:5d:ed:4c:75:49:ba:6e:00:63:a1:fa:e9:b5:40:88:e6:5c:$         7d:13:30:c1$
07/14/2022 11:36:09 [22] realm is enabled: 
07/14/2022 11:36:11 [22] no Content-Length
07/14/2022 11:36:11 [22] try to get cookie for the first time: 98 :  SVPNNETWORKCOOKIE=; path=/remote/network; expires=Sun, 11 Mar 1984 12:00:00 GMT; secure; httponly
07/14/2022 11:36:11 [22] no Content-Length
07/14/2022 11:36:11 [22] cookie: SVPNCOOKIE=brBsHlYkCEhbfG44VZ3t9ef6u23lBlaK7WQGqOIen2rUxFRyytlin4V2a98+SVueNOo3kGgOBdyFTeyusQSe3rcvvRMtgUBJsZyO7/bvUn6txovOcPXMJsb3jSEKWWV5JjGgF2bayU0/gD5FnsMY7pTkQ7HWnCsbZD9UBcwLoYsf32YNzsMTopjshWwUPwBWvlpCXejzahhGxcIAOA==
07/14/2022 11:36:11 [22] no Content-Length
07/14/2022 11:36:11 [22] no Content-Length
07/14/2022 11:36:11 [22] 0|vpn-dc.mos.ru|10443|1||brBsHlYkCEhbfG44VZ3t9ef6u23lBlaK7WQGqOIen2rUxFRyytlin4V2a98+SVueNOo3kGgOBdyFTeyusQSe3rcvvRMtgUBJsZyO7/bvUn6txovOcPXMJsb3jSEKWWV5JjGgF2bayU0/gD5FnsMY7pTkQ7HWnCsbZD9UBcwLoYsf32YNzsMTopjshWwUPwBWvlpCXejzahhGxcIAOA==|0
07/14/2022 11:36:11 [19] ssl vpn tunnel started
07/14/2022 11:36:11 [19] rcv cmd:0 at state[1]
07/14/2022 11:36:11 [24] server=vpn-dc.mos.ru[vpn-dc.mos.ru] port=10443[10443] version=1 tunnel= cookie=brBsHlYkCEhbfG44VZ3t9ef6u23lBlaK7WQGqOIen2rUxFRyytlin4V2a98+SVueNOo3kGgOBdyFTeyusQSe3rcvvRMtgUBJsZyO7/bvUn6txovOcPXMJsb3jSEKWWV5JjGgF2bayU0/gD5FnsMY7pTkQ7HWnCsbZD9UBcwLoYsf32YNzsMTopjshWwUPwBWvlpCXejzahhGxcIAOA== exclusive routing: 0

07/14/2022 11:36:11 [24] starting pppd
07/14/2022 11:36:11 [24] use tty:/dev/pts/2
07/14/2022 11:36:11 [24] connecting to vpn-dc.mos.ru:10443
07/14/2022 11:36:12 [24] [xml config]: GET /remote/fortisslvpn_xml ... (received 851 bytes): 
HTTP/1.1 200 OK
Date: Thu, 14 Jul 2022 11:36:12 GMT
Server: xxxxxxxx-xxxxx
Transfer-Encoding: chunked
Content-Type: text/xml
X-Frame-Options: SAMEORIGIN
Content-Security-Policy: frame-ancestors 'self'; object-src 'none'; script-src 'self' https 'unsafe-eval' 'unsafe-inline';
X-XSS-Protection: 1; mode=block
X-Content-Type-Options: nosniff
Strict-Transport-Security: max-age=31536000

<?xml version='1.0' encoding='utf-8'?><sslvpn-tunnel ver='1' patch='1'><tunnel-method value='ppp' /><tunnel-method value='tun' /><fos platform='FG1K5D' major='6' minor='00' patch='10' build='0365' branch='0365' /><client-config save-password='on' keep-alive='on' auto-connect='on' /><ipv4><dns ip='10.206.185.123' /><dns ip='10.89.58.17' /><assigned-addr ipv4='172.18.20.81' /></ipv4><idle-timeout val='3600' /><auth-timeout val='50400' /></sslvpn-tunnel>
----

07/14/2022 11:36:14 [24] Got local address from ppp, interface will be  up
07/14/2022 11:36:18 [24] ppp interface is up
07/14/2022 11:36:18 [24] run_scutil 185.173.3.37 0 0...
Generating pppd.resolv.conf...Done
07/14/2022 11:36:19 [40] begin sysconfig linux
07/14/2022 11:36:19 [40] delete route 1.1.1.1
07/14/2022 11:36:19 [40] Add the route for 185.173.3.37(172.18.0.1)
07/14/2022 11:36:19 [40] router add default gw 172.18.20.81
07/14/2022 11:59:18 [24] killing pppd ...
07/14/2022 11:59:18 [22] signal rcved, logout now
07/14/2022 11:59:18 [19] kill_child:24
07/14/2022 11:59:18 [24] kill_child:26
07/14/2022 11:59:18 [19] kill_child:22
07/14/2022 11:59:18 [24] kill_child:40
07/14/2022 12:24:25 [14] set the loglevel to 1
07/14/2022 12:24:25 [19] set the loglevel to 1
07/14/2022 12:24:25 [19] sslvpn connection version:4.0.2329
07/14/2022 12:24:25 [19] rcv cmd:0 at state[0]
07/14/2022 12:24:25 [19] starting ssl vpn tunnel[4.0.2329]
07/14/2022 12:24:25 [21] route backup START
07/14/2022 12:24:25 [21] route backup DONE
07/14/2022 12:24:25 [22] execl /proxy/forticlientsslvpn/64bit/helper/get_fortisslvpn_info /proxy/forticlientsslvpn/64bit/helper vpn-dc.mos.ru 10443   ...
07/14/2022 12:24:25 [22] trusted CA dir: /root/.fctsslvpn_trustca
07/14/2022 12:24:25 [22] set loglevel to 1
07/14/2022 12:24:25 [22] Peer's certificate is not valid. action is 1
07/14/2022 12:24:25 [22] peer's certificate: 
Certificate:$    Data:$        Version: 3 (0x2)$        Serial Number:$            74:00:00:27:2b:41:81:c4:d7:b3:1b:f0:f4:00:00:00:00:27:2b$    Signature Algorithm: sha512WithRSAEncryption$        Issuer: DC=local, DC=passport, CN=sec-ca02$        Validity$            Not Before: Jun 12 07:37:46 2021 GMT$            Not After : Jun 12 07:37:46 2023 GMT$        Subject: C=RU, ST=Moscow, L=Moscow, OU=DIT, CN=gate-k.mos.ru$        Subject Public Key Info:$            Public Key Algorithm: rsaEncryption$                Public-Key: (1024 bit)$                Modulus:$                    00:a4:c4:95:41:a9:94:de:39:c6:5c:74:0c:a7:6a:$                    b9:9c:3a:07:62:b7:87:d4:55:06:ea:2a:f0:57:9d:$                    8e:7b:db:c4:c2:27:c9:0e:05:92:51:49:db:af:e6:$                    a3:b0:89:77:bc:c1:61:27:b2:f4:f3:4c:1e:ba:cd:$                    d2:5e:01:85:1d:9c:3b:61:90:3c:f2:46:50:23:b3:$                    a3:d0:e3:49:c6:af:5e:36:b1:ee:d8:e3:15:43:04:$                    99:8e:11:56:6f:9b:25:ca:a4:b6:df:27:43:e3:d1:$                    25:ab:53:a8:df:88:21:b7:39:15:aa:a2:8b:d7:e5:$                    fe:47:c9:d6:7d:5e:6f:e4:87$                Exponent: 65537 (0x10001)$        X509v3 extensions:$            1.3.6.1.4.1.311.21.7: $                0/.'+.....7.....X...~...5...^...$.e...J...,..d...$            X509v3 Extended Key Usage: $                TLS Web Server Authentication$            X509v3 Key Usage: critical$                Digital Signature, Key Encipherment$            1.3.6.1.4.1.311.21.10: $                0.0$..+.......$            X509v3 Subject Key Identifier: $                AB:79:42:A0:83:08:A0:0A:19:7C:26:25:DA:CC:81:B0:2E:29:D1:45$            X509v3 Authority Key Identifier: $                keyid:5F:BF:CF:4B:CB:EF:E8:49:C0:58:FD:E5:F6:E3:41:48:73:80:5D:63$$            X509v3 CRL Distribution Points: $$                Full Name:$                  URI:http://sec-ca02.passport.local/CertEnroll/sec-ca02.crl$$            Authority Information Access: $                CA Issuers - URI:http://sec-ca02.passport.local/CertEnroll/sec-ca02.passport.local_sec-ca02.crt$$    Signature Algorithm: sha512WithRSAEncryption$         37:36:19:1e:75:44:e0:89:14:49:d9:e3:6d:50:8a:65:e3:a8:$         10:b9:e8:fb:37:73:74:a9:85:f8:4c:69:3d:e5:ed:9b:d5:ea:$         73:c5:f3:2b:83:2e:91:69:36:81:ad:7f:9d:86:6b:56:1d:d7:$         51:ed:81:93:62:da:28:bb:2e:04:8a:7d:f7:f1:82:4c:3d:e7:$         e7:16:e1:a2:eb:e4:ed:49:0f:a4:d5:fa:9b:29:1a:c1:64:44:$         9f:76:47:45:8d:81:0d:ae:08:37:5a:ea:52:5f:86:35:e0:e1:$         71:e9:29:fc:ff:dc:1e:25:40:b3:a4:12:f7:a4:57:dd:eb:44:$         03:79:5b:31:0a:bf:20:0c:f6:60:0f:10:e8:c5:fb:35:f1:a7:$         4b:41:fb:a2:0a:a1:21:8f:f5:26:d6:1b:94:bc:9c:5e:f8:04:$         d0:d8:75:0d:25:71:81:94:34:64:2c:20:c3:6b:f6:1f:80:02:$         eb:3c:65:0f:1a:0f:27:64:cc:28:ad:b1:65:4b:06:96:21:1c:$         da:34:5e:22:ba:9e:ef:8b:a6:95:51:66:48:af:a7:30:cb:cd:$         b3:85:d4:4b:f6:d1:fa:3e:ee:82:d8:a6:39:0f:d2:45:32:2c:$         7d:5d:ed:4c:75:49:ba:6e:00:63:a1:fa:e9:b5:40:88:e6:5c:$         7d:13:30:c1$
07/14/2022 12:24:25 [22] realm is enabled: 
07/14/2022 12:24:26 [22] no Content-Length
07/14/2022 12:24:26 [22] try to get cookie for the first time: 98 :  SVPNNETWORKCOOKIE=; path=/remote/network; expires=Sun, 11 Mar 1984 12:00:00 GMT; secure; httponly
07/14/2022 12:24:27 [22] no Content-Length
07/14/2022 12:24:27 [22] cookie: SVPNCOOKIE=dFuQrUzSJiQ91YE4KUw/fap/FyIpBTsA9cTqk80SwiuknEuQA9m+xKf+bLFgOHP5Eersc7+ySgHUfmSXm7BFCxUwvyiHZpjpn79to6OF6hg2ASFYjd597q3oApkWv/Wd4cOJ1XfFFGCu2exi0S/mCGZIK9WLbH2VNvIn4BDEpUtj5un26C1wkU23M3ISpl6/FileghmstbZsnq369BwdL5GCHg==
07/14/2022 12:24:27 [22] no Content-Length
07/14/2022 12:24:27 [22] no Content-Length
07/14/2022 12:24:27 [22] 0|vpn-dc.mos.ru|10443|1||dFuQrUzSJiQ91YE4KUw/fap/FyIpBTsA9cTqk80SwiuknEuQA9m+xKf+bLFgOHP5Eersc7+ySgHUfmSXm7BFCxUwvyiHZpjpn79to6OF6hg2ASFYjd597q3oApkWv/Wd4cOJ1XfFFGCu2exi0S/mCGZIK9WLbH2VNvIn4BDEpUtj5un26C1wkU23M3ISpl6/FileghmstbZsnq369BwdL5GCHg==|0
07/14/2022 12:24:27 [19] ssl vpn tunnel started
07/14/2022 12:24:27 [19] rcv cmd:0 at state[1]
07/14/2022 12:24:27 [24] server=vpn-dc.mos.ru[vpn-dc.mos.ru] port=10443[10443] version=1 tunnel= cookie=dFuQrUzSJiQ91YE4KUw/fap/FyIpBTsA9cTqk80SwiuknEuQA9m+xKf+bLFgOHP5Eersc7+ySgHUfmSXm7BFCxUwvyiHZpjpn79to6OF6hg2ASFYjd597q3oApkWv/Wd4cOJ1XfFFGCu2exi0S/mCGZIK9WLbH2VNvIn4BDEpUtj5un26C1wkU23M3ISpl6/FileghmstbZsnq369BwdL5GCHg== exclusive routing: 0

07/14/2022 12:24:27 [24] starting pppd
07/14/2022 12:24:27 [24] use tty:/dev/pts/2
07/14/2022 12:24:27 [24] connecting to vpn-dc.mos.ru:10443
07/14/2022 12:24:27 [24] [xml config]: GET /remote/fortisslvpn_xml ... (received 852 bytes): 
HTTP/1.1 200 OK
Date: Thu, 14 Jul 2022 12:24:27 GMT
Server: xxxxxxxx-xxxxx
Transfer-Encoding: chunked
Content-Type: text/xml
X-Frame-Options: SAMEORIGIN
Content-Security-Policy: frame-ancestors 'self'; object-src 'none'; script-src 'self' https 'unsafe-eval' 'unsafe-inline';
X-XSS-Protection: 1; mode=block
X-Content-Type-Options: nosniff
Strict-Transport-Security: max-age=31536000

<?xml version='1.0' encoding='utf-8'?><sslvpn-tunnel ver='1' patch='1'><tunnel-method value='ppp' /><tunnel-method value='tun' /><fos platform='FG1K5D' major='6' minor='00' patch='10' build='0365' branch='0365' /><client-config save-password='on' keep-alive='on' auto-connect='on' /><ipv4><dns ip='10.206.185.123' /><dns ip='10.89.58.17' /><assigned-addr ipv4='172.18.17.237' /></ipv4><idle-timeout val='3600' /><auth-timeout val='50400' /></sslvpn-tunnel>
----

07/14/2022 12:24:30 [24] Got local address from ppp, interface will be  up
07/14/2022 12:24:33 [24] ppp interface is up
07/14/2022 12:24:33 [24] run_scutil 185.173.3.37 0 0...
Generating pppd.resolv.conf...Done
07/14/2022 12:24:34 [40] begin sysconfig linux
07/14/2022 12:24:34 [40] delete route 1.1.1.1
07/14/2022 12:24:34 [40] Add the route for 185.173.3.37(192.168.92.1)
07/14/2022 12:24:34 [40] router add default gw 172.18.17.237
07/14/2022 12:30:21 [22] signal rcved, logout now
07/14/2022 12:30:21 [19] kill_child:24
07/14/2022 12:30:21 [24] killing pppd ...
07/14/2022 12:30:21 [24] kill_child:26
07/14/2022 12:30:21 [24] kill_child:40
07/14/2022 12:30:21 [19] kill_child:22
07/14/2022 12:30:21 [54] begin cleanup linux...
07/14/2022 12:30:21 [54] restore /etc/resolv.conf
07/14/2022 12:30:21 [54] clean up route...
